<?xml version="1.0" encoding="UTF-8"?>
<!-- Generated by org.testng.reporters.JUnitReportReporter -->
<testsuite hostname="DESKTOP-LOQ3UV0" name="JiraAutomation" tests="1" failures="0" timestamp="12 Jun 2021 21:45:23 GMT" time="158.362" errors="0">
  <testcase name="testUrl" time="158.362" classname="JiraAutomation"/>
</testsuite> <!-- JiraAutomation -->
